{
  "RSpec": {
    "coverage": {
      "/home/daniel/workspace/api-projects/notebook-api/app/models/user.rb": {
        "lines": [
          null,
          null,
          1,
          null,
          null,
          1,
          null,
          1,
          null
        ]
      },
      "/home/daniel/workspace/api-projects/notebook-api/app/controllers/v1/contacts_controller.rb": {
        "lines": [
          1,
          1,
          1,
          null,
          1,
          1,
          null,
          null,
          1,
          null,
          null,
          1,
          2,
          null,
          null,
          1,
          3,
          null,
          3,
          1,
          null,
          2,
          null,
          null,
          null,
          1,
          2,
          1,
          null,
          1,
          null,
          null,
          null,
          1,
          1,
          1,
          null,
          null,
          1,
          null,
          1,
          8,
          null,
          null,
          1,
          5,
          null,
          null,
          null,
          null,
          null
        ]
      },
      "/home/daniel/workspace/api-projects/notebook-api/app/controllers/application_controller.rb": {
        "lines": [
          1,
          1,
          1,
          1,
          null,
          null,
          1,
          null,
          1,
          31,
          null,
          3,
          null,
          null,
          1,
          8,
          null,
          null
        ]
      },
      "/home/daniel/workspace/api-projects/notebook-api/app/controllers/v1/kinds_controller.rb": {
        "lines": [
          1,
          1,
          1,
          null,
          1,
          1,
          null,
          null,
          1,
          null,
          null,
          1,
          2,
          null,
          null,
          1,
          2,
          null,
          2,
          1,
          null,
          1,
          null,
          null,
          null,
          1,
          2,
          1,
          null,
          1,
          null,
          null,
          null,
          1,
          1,
          null,
          null,
          1,
          null,
          1,
          9,
          null,
          9,
          null,
          null,
          1,
          4,
          null,
          null,
          null,
          null,
          null
        ]
      },
      "/home/daniel/workspace/api-projects/notebook-api/app/controllers/v1/phones_controller.rb": {
        "lines": [
          1,
          1,
          1,
          null,
          1,
          3,
          null,
          null,
          1,
          0,
          null,
          0,
          0,
          null,
          0,
          null,
          null,
          null,
          1,
          0,
          null,
          null,
          1,
          0,
          null,
          0,
          0,
          null,
          0,
          null,
          null,
          null,
          1,
          null,
          1,
          0,
          null,
          null,
          null,
          null,
          1,
          4,
          null,
          null,
          null
        ]
      },
      "/home/daniel/workspace/api-projects/notebook-api/app/models/contact.rb": {
        "lines": [
          1,
          1,
          1,
          1,
          null,
          1,
          1,
          null
        ]
      },
      "/home/daniel/workspace/api-projects/notebook-api/app/models/application_record.rb": {
        "lines": [
          1,
          1,
          null
        ]
      },
      "/home/daniel/workspace/api-projects/notebook-api/app/models/kind.rb": {
        "lines": [
          1,
          1,
          1,
          null
        ]
      },
      "/home/daniel/workspace/api-projects/notebook-api/app/serializers/v1/contact_serializer.rb": {
        "lines": [
          1,
          1,
          null,
          1,
          9,
          null,
          1,
          9,
          null,
          1,
          9,
          null,
          null,
          1,
          null,
          4,
          null,
          null,
          null,
          1,
          4,
          4,
          4,
          null,
          null
        ]
      },
      "/home/daniel/workspace/api-projects/notebook-api/app/serializers/v1/kind_serializer.rb": {
        "lines": [
          1,
          1,
          null
        ]
      },
      "/home/daniel/workspace/api-projects/notebook-api/app/models/address.rb": {
        "lines": [
          1,
          1,
          null
        ]
      },
      "/home/daniel/workspace/api-projects/notebook-api/app/models/phone.rb": {
        "lines": [
          1,
          1,
          null
        ]
      },
      "/home/daniel/workspace/api-projects/notebook-api/app/serializers/v1/phone_serializer.rb": {
        "lines": [
          1,
          1,
          null,
          1,
          8,
          null,
          null
        ]
      },
      "/home/daniel/workspace/api-projects/notebook-api/app/serializers/v1/address_serializer.rb": {
        "lines": [
          0,
          0,
          null,
          0,
          0,
          0,
          0
        ],
        "branches": {
        }
      },
      "/home/daniel/workspace/api-projects/notebook-api/app/controllers/v1/addresses_controller.rb": {
        "lines": [
          0,
          0,
          0,
          null,
          0,
          0,
          0,
          null,
          0,
          0,
          0,
          0,
          0,
          0,
          0,
          null,
          0,
          0,
          0,
          null,
          0,
          0,
          null,
          0,
          0,
          0,
          0,
          0,
          0,
          0,
          null,
          0,
          null,
          0,
          0,
          0,
          0,
          0,
          null,
          0,
          0,
          0,
          0,
          0
        ],
        "branches": {
        }
      }
    },
    "timestamp": 1613402251
  }
}
